<?xml version="1.0" encoding="UTF-8"?>
<!-- Generated by org.testng.reporters.JUnitReportReporter -->
<testsuite name="com.qainfotech.Basic" tests="2" time="0.078" ignored="0" failures="0" timestamp="17 Jul 2017 09:17:35 GMT" skipped="0" hostname="ASDP1760PO02529" errors="0">
  <testcase name="testForStatusCode" time="0.078" classname="com.qainfotech.Basic"/>
  <testcase name="testIsPlayerAdd" time="0.000" classname="com.qainfotech.Basic"/>
</testsuite> <!-- com.qainfotech.Basic -->
